BEGIN BLOCK
BEGIN HEADER
previous block: 31295073bb164bfe375252b3271743963c6e41300644587804557251a3679377
root: 0837102f2dd7293c1f086650e7e8de85b7349a4be16225a3a6fda6cde913c0d2
timestamp: 1634592573841
difficulty target: 0.5
nonce: 798799089bf7549e2ba37dbb2cae77265c6ada426140f0066a7b4a70a04f97eb
1412421151e2b031cd46b0478ce20a7af0b110d4 1311994
dsfads8771e2b031cd46b0478ce20a7af0b110d3 1311994
fc9fsd8771e2b031cd46b0478ce20a7afjj110d2 1311994
fc9142s771e2b031cd46b0478ce20a7afdd908d1 1311994
fc9142asv1e2b031cd46b0478ce20a7afbb200d1 1311994
fc914sdfsfe2b031cd46b0478ce20a7afaa110a1 1311994
fc914asdf1e2b031cd46b0478ce20a7af0b110a2 1311994
1sdddddddde2b031cd46b0478ce20a7af0b110c1 1311994
fc91428771e2b031cd46b0478ce20a7af0b110e1 1311994
fc91428771e2b031cd46b0478ce20a7af0b110f1 1311994
END BLOCK
BEGIN BLOCK
BEGIN HEADER
previous block: 0
root: fd8e55c1ca219094011555addc6ce5a5be11a6d2b9b4890856006ab4b3b45e5f
timestamp: 1634592573828
difficulty target: 0.5
nonce: 2b57da051ae58cb1d634bd0d69891d04cc73ef4357e809e198ab9b4a152b62e4
1412421151e2b031cd46b0478ce20a7kono110d4 1311994
dsfads8771e2b031cd46b0478ce20a7diod110d3 1311994
fc9fsd8771e2b031cd46b0478ce20a7af0b110d2 1311994
fc9142s771e2b031cd46b0478ce20a7jojo908d1 1311994
fc9142asv1e2b031cd46b0478ce20a7zawal00d1 1311994
fc914sdfsfe2b031cd46b0478ce20a7ishii10a1 1311994
fc914asdf1e2b031cd46b0478ce20a7show110a2 1311994
1sdddddddde2b031cd46b0478ce20a7maker10c1 1311994
fc91428771e2b031cd46b0478ce20a7faker10e1 1311994
fc91428771e2b031cd46b0478ce20a7auzi110f1 1311994
END BLOCK

